
Showing logs for build [32mcb-kubecd-environment-pr-193-37-rb7hw-1[0m stage [32mfrom-build-pack[0m and container [32mstep-credential-initializer-xrsn2[0m
{"level":"warn","ts":1585904831.28162,"logger":"fallback-logger","caller":"logging/config.go:69","msg":"Fetch GitHub commit ID from kodata failed: \"ref: refs/heads/0.8.0-**-support-backwards-incompats\" is not a valid GitHub commit ID"}
{"level":"info","ts":1585904831.2828217,"logger":"fallback-logger","caller":"creds-init/main.go:40","msg":"Credentials initialized."}

Showing logs for build [32mcb-kubecd-environment-pr-193-37-rb7hw-1[0m stage [32mfrom-build-pack[0m and container [32mstep-working-dir-initializer-qjlct[0m
{"level":"warn","ts":1585904831.731362,"logger":"fallback-logger","caller":"logging/config.go:69","msg":"Fetch GitHub commit ID from kodata failed: open /var/run/ko/HEAD: no such file or directory"}
{"level":"info","ts":1585904831.7333438,"logger":"fallback-logger","caller":"bash/main.go:64","msg":"Successfully executed command \"sh -c mkdir -p /workspace/source\"; output "}

Showing logs for build [32mcb-kubecd-environment-pr-193-37-rb7hw-1[0m stage [32mfrom-build-pack[0m and container [32mstep-place-tools[0m

Showing logs for build [32mcb-kubecd-environment-pr-193-37-rb7hw-1[0m stage [32mfrom-build-pack[0m and container [32mstep-git-source-cb-kubecd-environment-pr-193-37-rb7hw-hcknc[0m
{"level":"warn","ts":1585904835.8164816,"logger":"fallback-logger","caller":"logging/config.go:69","msg":"Fetch GitHub commit ID from kodata failed: \"ref: refs/heads/0.8.0-**-support-backwards-incompats\" is not a valid GitHub commit ID"}
{"level":"info","ts":1585904836.8965452,"logger":"fallback-logger","caller":"git/git.go:103","msg":"Successfully cloned https://github.com/cb-kubecd/environment-pr-193-37-boot-gke-staging.git @ master in path /workspace/source"}

Showing logs for build [32mcb-kubecd-environment-pr-193-37-rb7hw-1[0m stage [32mfrom-build-pack[0m and container [32mstep-git-merge[0m
Using SHAs from PULL_REFS=master:bd65977a6c4e5344d344ddb7b456d03801b35b07,4:a109b2ad55ec11c35f7657f09c59b14951868af0
DEBUG: LC_ALL=C JX_LOG_LEVEL=error git fetch origin --unshallow a109b2ad55ec11c35f7657f09c59b14951868af0: bd65977a6c4e5344d344ddb7b456d03801b35b07:
DEBUG: ran git fetch --unshallow origin a109b2ad55ec11c35f7657f09c59b14951868af0: bd65977a6c4e5344d344ddb7b456d03801b35b07: in 
DEBUG: LC_ALL=C JX_LOG_LEVEL=error git branch
DEBUG: LC_ALL=C JX_LOG_LEVEL=error git checkout master
DEBUG: ran git checkout master in 
DEBUG: LC_ALL=C JX_LOG_LEVEL=error git reset --hard bd65977a6c4e5344d344ddb7b456d03801b35b07
DEBUG: ran git reset --hard bd65977a6c4e5344d344ddb7b456d03801b35b07 in 
DEBUG: JX_LOG_LEVEL=error LC_ALL=C git clean -fd .
DEBUG: ran clean --force -d . in 
DEBUG: LC_ALL=C JX_LOG_LEVEL=error git merge a109b2ad55ec11c35f7657f09c59b14951868af0
DEBUG: ran git merge a109b2ad55ec11c35f7657f09c59b14951868af0 in 
DEBUG: JX_LOG_LEVEL=error LC_ALL=C git log --format=%H%x1f%an%x1f%ae%x1f%cn%x1f%ce%x1f%s%n%b%x1e bd65977a6c4e5344d344ddb7b456d03801b35b07..HEAD
Merged SHA a109b2ad55ec11c35f7657f09c59b14951868af0 with commit message 'chore: Promote bdd-sbhg-1585903273 to version 0.0.1' into base branch master

Showing logs for build [32mcb-kubecd-environment-pr-193-37-rb7hw-1[0m stage [32mfrom-build-pack[0m and container [32mstep-build-helm-build[0m
WARNING: No $CHART_REPOSITORY defined so using the default value of: http://jenkins-x-chartmuseum:8080
Adding missing Helm repo: storage.googleapis.com https://storage.googleapis.com/chartmuseum.jenkins-x.io
WARNING: No secrets found on "helm/repos" due: reading the secret "helm/repos" from vault: no secret "helm/repos" not found in vault
Read credentials for https://storage.googleapis.com/chartmuseum.jenkins-x.io from vault helm/repos
Successfully added Helm repository storage.googleapis.com.
Adding missing Helm repo: jenkins-x-chartmuseum http://jenkins-x-chartmuseum:8080
WARNING: No secrets found on "helm/repos" due: reading the secret "helm/repos" from vault: no secret "helm/repos" not found in vault
Read credentials for http://jenkins-x-chartmuseum:8080 from vault helm/repos
Successfully added Helm repository jenkins-x-chartmuseum.
WARNING: No $CHART_REPOSITORY defined so using the default value of: http://jenkins-x-chartmuseum:8080
Adding missing Helm repo: chartmuseum.jenkins-x.io http://chartmuseum.jenkins-x.io
WARNING: No secrets found on "helm/repos" due: reading the secret "helm/repos" from vault: no secret "helm/repos" not found in vault
Read credentials for http://chartmuseum.jenkins-x.io from vault helm/repos
Successfully added Helm repository chartmuseum.jenkins-x.io.
