
Showing logs for build [32mcb-kubecd-environment-pr-193-37-g5z8h-1[0m stage [32mfrom-build-pack[0m and container [32mstep-credential-initializer-zlznq[0m
{"level":"warn","ts":1585906237.777583,"logger":"fallback-logger","caller":"logging/config.go:69","msg":"Fetch GitHub commit ID from kodata failed: \"ref: refs/heads/0.8.0-**-support-backwards-incompats\" is not a valid GitHub commit ID"}
{"level":"info","ts":1585906237.7785184,"logger":"fallback-logger","caller":"creds-init/main.go:40","msg":"Credentials initialized."}

Showing logs for build [32mcb-kubecd-environment-pr-193-37-g5z8h-1[0m stage [32mfrom-build-pack[0m and container [32mstep-working-dir-initializer-4kwr4[0m
{"level":"warn","ts":1585906238.8497083,"logger":"fallback-logger","caller":"logging/config.go:69","msg":"Fetch GitHub commit ID from kodata failed: open /var/run/ko/HEAD: no such file or directory"}
{"level":"info","ts":1585906238.8698947,"logger":"fallback-logger","caller":"bash/main.go:64","msg":"Successfully executed command \"sh -c mkdir -p /workspace/source\"; output "}

Showing logs for build [32mcb-kubecd-environment-pr-193-37-g5z8h-1[0m stage [32mfrom-build-pack[0m and container [32mstep-place-tools[0m

Showing logs for build [32mcb-kubecd-environment-pr-193-37-g5z8h-1[0m stage [32mfrom-build-pack[0m and container [32mstep-git-source-cb-kubecd-environment-pr-193-37-g5z8h-7fbmk[0m
{"level":"warn","ts":1585906243.1657472,"logger":"fallback-logger","caller":"logging/config.go:69","msg":"Fetch GitHub commit ID from kodata failed: \"ref: refs/heads/0.8.0-**-support-backwards-incompats\" is not a valid GitHub commit ID"}
{"level":"info","ts":1585906244.40155,"logger":"fallback-logger","caller":"git/git.go:103","msg":"Successfully cloned https://github.com/cb-kubecd/environment-pr-193-37-boot-gke-staging.git @ master in path /workspace/source"}

Showing logs for build [32mcb-kubecd-environment-pr-193-37-g5z8h-1[0m stage [32mfrom-build-pack[0m and container [32mstep-git-merge[0m
Using SHAs from PULL_REFS=master:90538ef51d179259de38a2b0e4166714325859ff,6:23a9aa56daa4f2d231699ed0f4a02b8be9088fae
DEBUG: LC_ALL=C JX_LOG_LEVEL=error git fetch origin --unshallow 23a9aa56daa4f2d231699ed0f4a02b8be9088fae: 90538ef51d179259de38a2b0e4166714325859ff:
DEBUG: ran git fetch --unshallow origin 23a9aa56daa4f2d231699ed0f4a02b8be9088fae: 90538ef51d179259de38a2b0e4166714325859ff: in 
DEBUG: JX_LOG_LEVEL=error LC_ALL=C git branch
DEBUG: LC_ALL=C JX_LOG_LEVEL=error git checkout master
DEBUG: ran git checkout master in 
DEBUG: LC_ALL=C JX_LOG_LEVEL=error git reset --hard 90538ef51d179259de38a2b0e4166714325859ff
DEBUG: ran git reset --hard 90538ef51d179259de38a2b0e4166714325859ff in 
DEBUG: JX_LOG_LEVEL=error LC_ALL=C git clean -fd .
DEBUG: ran clean --force -d . in 
DEBUG: LC_ALL=C JX_LOG_LEVEL=error git merge 23a9aa56daa4f2d231699ed0f4a02b8be9088fae
DEBUG: ran git merge 23a9aa56daa4f2d231699ed0f4a02b8be9088fae in 
DEBUG: LC_ALL=C JX_LOG_LEVEL=error git log --format=%H%x1f%an%x1f%ae%x1f%cn%x1f%ce%x1f%s%n%b%x1e 90538ef51d179259de38a2b0e4166714325859ff..HEAD
Merged SHA 23a9aa56daa4f2d231699ed0f4a02b8be9088fae with commit message 'chore: Promote bdd-nh-import-1585905449 to version 0.0.1' into base branch master

Showing logs for build [32mcb-kubecd-environment-pr-193-37-g5z8h-1[0m stage [32mfrom-build-pack[0m and container [32mstep-build-helm-build[0m
WARNING: No $CHART_REPOSITORY defined so using the default value of: http://jenkins-x-chartmuseum:8080
Adding missing Helm repo: storage.googleapis.com https://storage.googleapis.com/chartmuseum.jenkins-x.io
WARNING: No secrets found on "helm/repos" due: reading the secret "helm/repos" from vault: no secret "helm/repos" not found in vault
Read credentials for https://storage.googleapis.com/chartmuseum.jenkins-x.io from vault helm/repos
Successfully added Helm repository storage.googleapis.com.
Adding missing Helm repo: jenkins-x-chartmuseum http://jenkins-x-chartmuseum:8080
WARNING: No secrets found on "helm/repos" due: reading the secret "helm/repos" from vault: no secret "helm/repos" not found in vault
Read credentials for http://jenkins-x-chartmuseum:8080 from vault helm/repos
Successfully added Helm repository jenkins-x-chartmuseum.
WARNING: No $CHART_REPOSITORY defined so using the default value of: http://jenkins-x-chartmuseum:8080
Adding missing Helm repo: chartmuseum.jenkins-x.io http://chartmuseum.jenkins-x.io
WARNING: No secrets found on "helm/repos" due: reading the secret "helm/repos" from vault: no secret "helm/repos" not found in vault
Read credentials for http://chartmuseum.jenkins-x.io from vault helm/repos
Successfully added Helm repository chartmuseum.jenkins-x.io.
