
Showing logs for build [32mcb-kubecd-environment-pr-193-37-42qtp-1[0m stage [32mfrom-build-pack[0m and container [32mstep-credential-initializer-6749j[0m
{"level":"warn","ts":1585902512.5383608,"logger":"fallback-logger","caller":"logging/config.go:69","msg":"Fetch GitHub commit ID from kodata failed: \"ref: refs/heads/0.8.0-**-support-backwards-incompats\" is not a valid GitHub commit ID"}
{"level":"info","ts":1585902512.5388525,"logger":"fallback-logger","caller":"creds-init/main.go:40","msg":"Credentials initialized."}

Showing logs for build [32mcb-kubecd-environment-pr-193-37-42qtp-1[0m stage [32mfrom-build-pack[0m and container [32mstep-working-dir-initializer-bhsx6[0m
{"level":"warn","ts":1585902513.9104416,"logger":"fallback-logger","caller":"logging/config.go:69","msg":"Fetch GitHub commit ID from kodata failed: open /var/run/ko/HEAD: no such file or directory"}
{"level":"info","ts":1585902513.912017,"logger":"fallback-logger","caller":"bash/main.go:64","msg":"Successfully executed command \"sh -c mkdir -p /workspace/source\"; output "}

Showing logs for build [32mcb-kubecd-environment-pr-193-37-42qtp-1[0m stage [32mfrom-build-pack[0m and container [32mstep-place-tools[0m

Showing logs for build [32mcb-kubecd-environment-pr-193-37-42qtp-1[0m stage [32mfrom-build-pack[0m and container [32mstep-git-source-cb-kubecd-environment-pr-193-37-42qtp-8l64q[0m
{"level":"warn","ts":1585902518.0102134,"logger":"fallback-logger","caller":"logging/config.go:69","msg":"Fetch GitHub commit ID from kodata failed: \"ref: refs/heads/0.8.0-**-support-backwards-incompats\" is not a valid GitHub commit ID"}
{"level":"info","ts":1585902519.0320048,"logger":"fallback-logger","caller":"git/git.go:103","msg":"Successfully cloned https://github.com/cb-kubecd/environment-pr-193-37-boot-gke-staging.git @ master in path /workspace/source"}

Showing logs for build [32mcb-kubecd-environment-pr-193-37-42qtp-1[0m stage [32mfrom-build-pack[0m and container [32mstep-git-merge[0m
Using SHAs from PULL_REFS=master:88c757c85df30b4498fae14d918212d04d821ae7,1:4a0c804d7a0f18eeecd5a24acc3d57455e385d90
DEBUG: LC_ALL=C JX_LOG_LEVEL=error git fetch origin --unshallow 4a0c804d7a0f18eeecd5a24acc3d57455e385d90: 88c757c85df30b4498fae14d918212d04d821ae7:
DEBUG: ran git fetch --unshallow origin 4a0c804d7a0f18eeecd5a24acc3d57455e385d90: 88c757c85df30b4498fae14d918212d04d821ae7: in 
DEBUG: LC_ALL=C JX_LOG_LEVEL=error git branch
DEBUG: LC_ALL=C JX_LOG_LEVEL=error git checkout master
DEBUG: ran git checkout master in 
DEBUG: LC_ALL=C JX_LOG_LEVEL=error git reset --hard 88c757c85df30b4498fae14d918212d04d821ae7
DEBUG: ran git reset --hard 88c757c85df30b4498fae14d918212d04d821ae7 in 
DEBUG: LC_ALL=C JX_LOG_LEVEL=error git clean -fd .
DEBUG: ran clean --force -d . in 
DEBUG: LC_ALL=C JX_LOG_LEVEL=error git merge 4a0c804d7a0f18eeecd5a24acc3d57455e385d90
DEBUG: ran git merge 4a0c804d7a0f18eeecd5a24acc3d57455e385d90 in 
DEBUG: JX_LOG_LEVEL=error LC_ALL=C git log --format=%H%x1f%an%x1f%ae%x1f%cn%x1f%ce%x1f%s%n%b%x1e 88c757c85df30b4498fae14d918212d04d821ae7..HEAD
Merged SHA 4a0c804d7a0f18eeecd5a24acc3d57455e385d90 with commit message 'chore: Promote bdd-spring-1585902213 to version 0.0.1' into base branch master

Showing logs for build [32mcb-kubecd-environment-pr-193-37-42qtp-1[0m stage [32mfrom-build-pack[0m and container [32mstep-build-helm-build[0m
WARNING: No $CHART_REPOSITORY defined so using the default value of: http://jenkins-x-chartmuseum:8080
Adding missing Helm repo: storage.googleapis.com https://storage.googleapis.com/chartmuseum.jenkins-x.io
WARNING: No secrets found on "helm/repos" due: reading the secret "helm/repos" from vault: no secret "helm/repos" not found in vault
Read credentials for https://storage.googleapis.com/chartmuseum.jenkins-x.io from vault helm/repos
Successfully added Helm repository storage.googleapis.com.
Adding missing Helm repo: jenkins-x-chartmuseum http://jenkins-x-chartmuseum:8080
WARNING: No secrets found on "helm/repos" due: reading the secret "helm/repos" from vault: no secret "helm/repos" not found in vault
Read credentials for http://jenkins-x-chartmuseum:8080 from vault helm/repos
Successfully added Helm repository jenkins-x-chartmuseum.
WARNING: No $CHART_REPOSITORY defined so using the default value of: http://jenkins-x-chartmuseum:8080
Adding missing Helm repo: chartmuseum.jenkins-x.io http://chartmuseum.jenkins-x.io
WARNING: No secrets found on "helm/repos" due: reading the secret "helm/repos" from vault: no secret "helm/repos" not found in vault
Read credentials for http://chartmuseum.jenkins-x.io from vault helm/repos
Successfully added Helm repository chartmuseum.jenkins-x.io.
